<?xml version="1.0" encoding="UTF-8"?>
<!-- Generated by org.testng.reporters.JUnitXMLReporter -->
<testsuite hostname="LAPTOP-NFSR7J9J" ignored="1" name="Command line test" tests="3" failures="0" timestamp="2021-09-18T20:44:49 PDT" time="12.831" errors="0">
  <testcase name="loginTest" time="3.046" classname="com.wbl.test.FbLoginPageTest"/>
  <testcase name="clickFbIconTest" time="0.919" classname="com.wbl.test.HomePageTest"/>
  <testcase name="getMenuCountTest" time="0.014" classname="com.wbl.test.HomePageTest"/>
  <testcase name="@BeforeSuite beforeSuite" time="0.0" classname="com.wbl.base.BaseTest">
    <ignored/>
  </testcase> <!-- @BeforeSuite beforeSuite -->
</testsuite> <!-- Command line test -->
